<?xml version="1.0" encoding="utf-8"?>
<?AutomationStudio Version="4.5.2.102"?>
<Objects>
  <Object
    Path="C:\Users\admin\Documents\krbo-02-20\laba2_4kurs\Logical\Package.pkg"
    LogicalPath=""
    Type="Package.ParentUnknown"
    LastWriteTime="133420260635744514" />
  <Object
    Path="C:\Users\admin\Documents\krbo-02-20\laba2_4kurs\Logical\Global.typ"
    LogicalPath="Global.typ"
    Type="File"
    LastWriteTime="131200402240000000"
    Private="false" />
  <Object
    Path="C:\Users\admin\Documents\krbo-02-20\laba2_4kurs\Logical\Global.var"
    LogicalPath="Global.var"
    Type="File"
    LastWriteTime="133420255621650607"
    Private="false" />
  <Object
    Path="C:\Users\admin\Documents\krbo-02-20\laba2_4kurs\Logical\Libraries\Package.pkg"
    LogicalPath="Libraries"
    Type="Package"
    LastWriteTime="133420260636302972" />
  <Object
    Path="C:\Users\admin\Documents\krbo-02-20\laba2_4kurs\Logical\Libraries\Runtime\Binary.lby"
    LogicalPath="Libraries.Runtime"
    Type="Library"
    LastWriteTime="131091583340000000" />
  <Object
    Path="C:\Users\admin\Documents\krbo-02-20\laba2_4kurs\Logical\Libraries\Runtime\runtime.fun"
    LogicalPath="Libraries.Runtime.runtime.fun"
    Type="File"
    LastWriteTime="131091583340000000"
    Private="false" />
  <Object
    Path="C:\Users\admin\Documents\krbo-02-20\laba2_4kurs\Logical\Libraries\Runtime\runtime.typ"
    LogicalPath="Libraries.Runtime.runtime.typ"
    Type="File"
    LastWriteTime="131091583340000000"
    Private="false" />
  <Object
    Path="C:\Users\admin\Documents\krbo-02-20\laba2_4kurs\Logical\Libraries\Runtime\runtime.var"
    LogicalPath="Libraries.Runtime.runtime.var"
    Type="File"
    LastWriteTime="131091583340000000"
    Private="false" />
  <Object
    Path="C:\Users\admin\Documents\krbo-02-20\laba2_4kurs\Logical\Libraries\Operator\Binary.lby"
    LogicalPath="Libraries.Operator"
    Type="Library"
    LastWriteTime="131091583340000000" />
  <Object
    Path="C:\Users\admin\Documents\krbo-02-20\laba2_4kurs\Logical\Libraries\Operator\operator.fun"
    LogicalPath="Libraries.Operator.operator.fun"
    Type="File"
    LastWriteTime="131091583340000000"
    Private="false" />
  <Object
    Path="C:\Users\admin\Documents\krbo-02-20\laba2_4kurs\Logical\Libraries\Operator\operator.typ"
    LogicalPath="Libraries.Operator.operator.typ"
    Type="File"
    LastWriteTime="131091583340000000"
    Private="false" />
  <Object
    Path="C:\Users\admin\Documents\krbo-02-20\laba2_4kurs\Logical\Libraries\Operator\operator.var"
    LogicalPath="Libraries.Operator.operator.var"
    Type="File"
    LastWriteTime="131091583340000000"
    Private="false" />
  <Object
    Path="C:\Users\admin\Documents\krbo-02-20\laba2_4kurs\Logical\Libraries\AsIecCon\Binary.lby"
    LogicalPath="Libraries.AsIecCon"
    Type="Library"
    LastWriteTime="131091583340000000" />
  <Object
    Path="C:\Users\admin\Documents\krbo-02-20\laba2_4kurs\Logical\Libraries\AsIecCon\AsIecCon.fun"
    LogicalPath="Libraries.AsIecCon.AsIecCon.fun"
    Type="File"
    LastWriteTime="131091583340000000"
    Private="false" />
  <Object
    Path="C:\Users\admin\Documents\krbo-02-20\laba2_4kurs\Logical\Libraries\AsIecCon\AsIecCon.typ"
    LogicalPath="Libraries.AsIecCon.AsIecCon.typ"
    Type="File"
    LastWriteTime="131091583340000000"
    Private="false" />
  <Object
    Path="C:\Users\admin\Documents\krbo-02-20\laba2_4kurs\Logical\Libraries\AsIecCon\AsIecCon.var"
    LogicalPath="Libraries.AsIecCon.AsIecCon.var"
    Type="File"
    LastWriteTime="131091583340000000"
    Private="false" />
  <Object
    Path="C:\Users\admin\Documents\krbo-02-20\laba2_4kurs\Logical\Libraries\astime\Binary.lby"
    LogicalPath="Libraries.astime"
    Type="Library"
    LastWriteTime="131091583340000000" />
  <Object
    Path="C:\Users\admin\Documents\krbo-02-20\laba2_4kurs\Logical\Libraries\astime\astime.fun"
    LogicalPath="Libraries.astime.astime.fun"
    Type="File"
    LastWriteTime="131091583340000000"
    Private="false" />
  <Object
    Path="C:\Users\admin\Documents\krbo-02-20\laba2_4kurs\Logical\Libraries\astime\astime.typ"
    LogicalPath="Libraries.astime.astime.typ"
    Type="File"
    LastWriteTime="131091583340000000"
    Private="false" />
  <Object
    Path="C:\Users\admin\Documents\krbo-02-20\laba2_4kurs\Logical\Libraries\astime\astime.var"
    LogicalPath="Libraries.astime.astime.var"
    Type="File"
    LastWriteTime="131091583340000000"
    Private="false" />
  <Object
    Path="C:\Users\admin\Documents\krbo-02-20\laba2_4kurs\Logical\Libraries\sys_lib\Binary.lby"
    LogicalPath="Libraries.sys_lib"
    Type="Library"
    LastWriteTime="131194348100000000" />
  <Object
    Path="C:\Users\admin\Documents\krbo-02-20\laba2_4kurs\Logical\Libraries\sys_lib\sys_lib.fun"
    LogicalPath="Libraries.sys_lib.sys_lib.fun"
    Type="File"
    LastWriteTime="131194348100000000"
    Private="false" />
  <Object
    Path="C:\Users\admin\Documents\krbo-02-20\laba2_4kurs\Logical\Libraries\sys_lib\sys_lib.typ"
    LogicalPath="Libraries.sys_lib.sys_lib.typ"
    Type="File"
    LastWriteTime="131194348100000000"
    Private="false" />
  <Object
    Path="C:\Users\admin\Documents\krbo-02-20\laba2_4kurs\Logical\Libraries\sys_lib\sys_lib.var"
    LogicalPath="Libraries.sys_lib.sys_lib.var"
    Type="File"
    LastWriteTime="131194348100000000"
    Private="false" />
  <Object
    Path="C:\Users\admin\Documents\krbo-02-20\laba2_4kurs\Logical\Libraries\asstring\Binary.lby"
    LogicalPath="Libraries.asstring"
    Type="Library"
    LastWriteTime="131194348160000000" />
  <Object
    Path="C:\Users\admin\Documents\krbo-02-20\laba2_4kurs\Logical\Libraries\asstring\asstring.fun"
    LogicalPath="Libraries.asstring.asstring.fun"
    Type="File"
    LastWriteTime="131194348160000000"
    Private="false" />
  <Object
    Path="C:\Users\admin\Documents\krbo-02-20\laba2_4kurs\Logical\Libraries\asstring\asstring.typ"
    LogicalPath="Libraries.asstring.asstring.typ"
    Type="File"
    LastWriteTime="131194348160000000"
    Private="false" />
  <Object
    Path="C:\Users\admin\Documents\krbo-02-20\laba2_4kurs\Logical\Libraries\asstring\asstring.var"
    LogicalPath="Libraries.asstring.asstring.var"
    Type="File"
    LastWriteTime="131194348160000000"
    Private="false" />
  <Object
    Path="C:\Users\admin\Documents\krbo-02-20\laba2_4kurs\Logical\Libraries\Acp10man\Binary.lby"
    LogicalPath="Libraries.Acp10man"
    Type="Library"
    LastWriteTime="133420255447698039" />
  <Object
    Path="C:\Users\admin\Documents\krbo-02-20\laba2_4kurs\Logical\Libraries\Acp10man\Acp10man.typ"
    LogicalPath="Libraries.Acp10man.Acp10man.typ"
    Type="File"
    LastWriteTime="133420255447658140"
    Private="false" />
  <Object
    Path="C:\Users\admin\Documents\krbo-02-20\laba2_4kurs\Logical\Libraries\Acp10par\Binary.lby"
    LogicalPath="Libraries.Acp10par"
    Type="Library"
    LastWriteTime="133420255448815056" />
  <Object
    Path="C:\Users\admin\Documents\krbo-02-20\laba2_4kurs\Logical\Libraries\Acp10par\Acp10par.var"
    LogicalPath="Libraries.Acp10par.Acp10par.var"
    Type="File"
    LastWriteTime="133420255448795101"
    Private="false" />
  <Object
    Path="C:\Users\admin\Documents\krbo-02-20\laba2_4kurs\Logical\Libraries\NcGlobal\Binary.lby"
    LogicalPath="Libraries.NcGlobal"
    Type="Library"
    LastWriteTime="133420255449293765" />
  <Object
    Path="C:\Users\admin\Documents\krbo-02-20\laba2_4kurs\Logical\Libraries\NcGlobal\NcGlobal.fun"
    LogicalPath="Libraries.NcGlobal.NcGlobal.fun"
    Type="File"
    LastWriteTime="133420255449174087"
    Private="false" />
  <Object
    Path="C:\Users\admin\Documents\krbo-02-20\laba2_4kurs\Logical\Libraries\NcGlobal\NcGlobal.typ"
    LogicalPath="Libraries.NcGlobal.NcGlobal.typ"
    Type="File"
    LastWriteTime="133420255449204010"
    Private="false" />
  <Object
    Path="C:\Users\admin\Documents\krbo-02-20\laba2_4kurs\Logical\Libraries\NcGlobal\NcGlobal.var"
    LogicalPath="Libraries.NcGlobal.NcGlobal.var"
    Type="File"
    LastWriteTime="133420255449273821"
    Private="false" />
  <Object
    Path="C:\Users\admin\Documents\krbo-02-20\laba2_4kurs\Logical\Libraries\Acp10sdc\binary.lby"
    LogicalPath="Libraries.Acp10sdc"
    Type="Library"
    LastWriteTime="133420255574031115" />
  <Object
    Path="C:\Users\admin\Documents\krbo-02-20\laba2_4kurs\Logical\Libraries\Acp10sdc\acp10sdc.var"
    LogicalPath="Libraries.Acp10sdc.acp10sdc.var"
    Type="File"
    LastWriteTime="133420255573921398"
    Private="false" />
  <Object
    Path="C:\Users\admin\Documents\krbo-02-20\laba2_4kurs\Logical\Libraries\Acp10sdc\acp10sdc.typ"
    LogicalPath="Libraries.Acp10sdc.acp10sdc.typ"
    Type="File"
    LastWriteTime="133420255573951325"
    Private="false" />
  <Object
    Path="C:\Users\admin\Documents\krbo-02-20\laba2_4kurs\Logical\Libraries\Acp10_MC\binary.lby"
    LogicalPath="Libraries.Acp10_MC"
    Type="Library"
    LastWriteTime="133420255586281283" />
  <Object
    Path="C:\Users\admin\Documents\krbo-02-20\laba2_4kurs\Logical\Libraries\Acp10_MC\acp10_mc.fun"
    LogicalPath="Libraries.Acp10_MC.acp10_mc.fun"
    Type="File"
    LastWriteTime="133420255586047444"
    Private="false" />
  <Object
    Path="C:\Users\admin\Documents\krbo-02-20\laba2_4kurs\Logical\Libraries\Acp10_MC\acp10_mc.typ"
    LogicalPath="Libraries.Acp10_MC.acp10_mc.typ"
    Type="File"
    LastWriteTime="133420255586127249"
    Private="false" />
  <Object
    Path="C:\Users\admin\Documents\krbo-02-20\laba2_4kurs\Logical\Libraries\Acp10_MC\acp10_mc.var"
    LogicalPath="Libraries.Acp10_MC.acp10_mc.var"
    Type="File"
    LastWriteTime="133420255586197060"
    Private="false" />
  <Object
    Path="C:\Users\admin\Documents\krbo-02-20\laba2_4kurs\Logical\Libraries\brsystem\binary.lby"
    LogicalPath="Libraries.brsystem"
    Type="Library"
    LastWriteTime="133420255586989523" />
  <Object
    Path="C:\Users\admin\Documents\krbo-02-20\laba2_4kurs\Logical\Libraries\brsystem\brsystem.fun"
    LogicalPath="Libraries.brsystem.brsystem.fun"
    Type="File"
    LastWriteTime="133420255586879712"
    Private="false" />
  <Object
    Path="C:\Users\admin\Documents\krbo-02-20\laba2_4kurs\Logical\Libraries\brsystem\brsystem.typ"
    LogicalPath="Libraries.brsystem.brsystem.typ"
    Type="File"
    LastWriteTime="133420255586939551"
    Private="false" />
  <Object
    Path="C:\Users\admin\Documents\krbo-02-20\laba2_4kurs\Logical\Libraries\brsystem\brsystem.var"
    LogicalPath="Libraries.brsystem.brsystem.var"
    Type="File"
    LastWriteTime="133420255586969459"
    Private="false" />
  <Object
    Path="C:\Users\admin\Documents\krbo-02-20\laba2_4kurs\Logical\Libraries\AsBrStr\binary.lby"
    LogicalPath="Libraries.AsBrStr"
    Type="Library"
    LastWriteTime="133420255601607898" />
  <Object
    Path="C:\Users\admin\Documents\krbo-02-20\laba2_4kurs\Logical\Libraries\AsBrStr\AsBrStr.fun"
    LogicalPath="Libraries.AsBrStr.AsBrStr.fun"
    Type="File"
    LastWriteTime="133420255601507843"
    Private="false" />
  <Object
    Path="C:\Users\admin\Documents\krbo-02-20\laba2_4kurs\Logical\Libraries\AsBrStr\AsBrStr.typ"
    LogicalPath="Libraries.AsBrStr.AsBrStr.typ"
    Type="File"
    LastWriteTime="133420255601567679"
    Private="false" />
  <Object
    Path="C:\Users\admin\Documents\krbo-02-20\laba2_4kurs\Logical\Libraries\AsBrStr\AsBrStr.var"
    LogicalPath="Libraries.AsBrStr.AsBrStr.var"
    Type="File"
    LastWriteTime="133420255601597590"
    Private="false" />
  <Object
    Path="C:\Users\admin\Documents\krbo-02-20\laba2_4kurs\Logical\Libraries\Library\ANSIC.lby"
    LogicalPath="Libraries.Library"
    Type="Library"
    LastWriteTime="133446946278426376" />
  <Object
    Path="C:\Users\admin\Documents\krbo-02-20\laba2_4kurs\Logical\Libraries\Library\Types.typ"
    LogicalPath="Libraries.Library.Types.typ"
    Type="File"
    LastWriteTime="133446973126724939"
    Private="false" />
  <Object
    Path="C:\Users\admin\Documents\krbo-02-20\laba2_4kurs\Logical\Libraries\Library\Constants.var"
    LogicalPath="Libraries.Library.Constants.var"
    Type="File"
    LastWriteTime="133420260636123764"
    Private="false" />
  <Object
    Path="C:\Users\admin\Documents\krbo-02-20\laba2_4kurs\Logical\Libraries\Library\Library.fun"
    LogicalPath="Libraries.Library.Library.fun"
    Type="File"
    LastWriteTime="133446950435405440"
    Private="false" />
  <Object
    Path="C:\Users\admin\Documents\krbo-02-20\laba2_4kurs\Logical\Libraries\Library\DriveStateMashine.c"
    LogicalPath="Libraries.Library.DriveStateMashine.c"
    Type="File"
    LastWriteTime="133446998296992334"
    Private="false" />
  <Object
    Path="C:\Users\admin\Documents\krbo-02-20\laba2_4kurs\Logical\Libraries\Library\LedStateMachine.c"
    LogicalPath="Libraries.Library.LedStateMachine.c"
    Type="File"
    LastWriteTime="133434878763853498"
    Private="false" />
  <Object
    Path="C:\Users\admin\Documents\krbo-02-20\laba2_4kurs\Logical\Libraries\Library\DoorStateMashine.c"
    LogicalPath="Libraries.Library.DoorStateMashine.c"
    Type="File"
    LastWriteTime="133444458705022198"
    Private="false" />
  <Object
    Path="C:\Users\admin\Documents\krbo-02-20\laba2_4kurs\Logical\Libraries\Library\DoorStateMachine.c"
    LogicalPath="Libraries.Library.DoorStateMachine.c"
    Type="File"
    LastWriteTime="133444467111278357"
    Private="false" />
  <Object
    Path="C:\Users\admin\Documents\krbo-02-20\laba2_4kurs\Logical\ncsdcctrl\IEC.prg"
    LogicalPath="ncsdcctrl"
    Type="Program"
    LastWriteTime="133420255412141541" />
  <Object
    Path="C:\Users\admin\Documents\krbo-02-20\laba2_4kurs\Logical\ncsdcctrl\ncsdcctrlCyclic.st"
    LogicalPath="ncsdcctrl.ncsdcctrlCyclic.st"
    Type="File"
    LastWriteTime="133420255429024799"
    Private="false" />
  <Object
    Path="C:\Users\admin\Documents\krbo-02-20\laba2_4kurs\Logical\ncsdcctrl\ncsdcctrlInit.st"
    LogicalPath="ncsdcctrl.ncsdcctrlInit.st"
    Type="File"
    LastWriteTime="133420255428955014"
    Private="false" />
  <Object
    Path="C:\Users\admin\Documents\krbo-02-20\laba2_4kurs\Logical\ncsdcctrl\ncsdcctrl.typ"
    LogicalPath="ncsdcctrl.ncsdcctrl.typ"
    Type="File"
    LastWriteTime="133420255428815079"
    Private="true" />
  <Object
    Path="C:\Users\admin\Documents\krbo-02-20\laba2_4kurs\Logical\ncsdcctrl\ncsdcctrl.var"
    LogicalPath="ncsdcctrl.ncsdcctrl.var"
    Type="File"
    LastWriteTime="133420255428874918"
    Private="true" />
  <Object
    Path="C:\Users\admin\Documents\krbo-02-20\laba2_4kurs\Logical\acp10etxen\Ett.dob"
    LogicalPath="acp10etxen"
    Type="DataObject"
    LastWriteTime="133420255563932265" />
  <Object
    Path="C:\Users\admin\Documents\krbo-02-20\laba2_4kurs\Logical\acp10etxen\acp10etxen.ett"
    LogicalPath="acp10etxen.acp10etxen.ett"
    Type="File"
    LastWriteTime="133420255564699645"
    Private="false" />
  <Object
    Path="C:\Users\admin\Documents\krbo-02-20\laba2_4kurs\Logical\gAxis01obj\Package.pkg"
    LogicalPath="gAxis01obj"
    Type="Package"
    LastWriteTime="133420255611526904" />
  <Object
    Path="C:\Users\admin\Documents\krbo-02-20\laba2_4kurs\Logical\gAxis01obj\gAxis01a\Apt.dob"
    LogicalPath="gAxis01obj.gAxis01a"
    Type="DataObject"
    LastWriteTime="133420255606764040" />
  <Object
    Path="C:\Users\admin\Documents\krbo-02-20\laba2_4kurs\Logical\gAxis01obj\gAxis01a\gAxis01a.apt"
    LogicalPath="gAxis01obj.gAxis01a.gAxis01a.apt"
    Type="File"
    LastWriteTime="133420255607151173"
    Private="false" />
  <Object
    Path="C:\Users\admin\Documents\krbo-02-20\laba2_4kurs\Logical\gAxis01obj\gAxis01i\Ax.dob"
    LogicalPath="gAxis01obj.gAxis01i"
    Type="DataObject"
    LastWriteTime="133420255607976996" />
  <Object
    Path="C:\Users\admin\Documents\krbo-02-20\laba2_4kurs\Logical\gAxis01obj\gAxis01i\gAxis01i.ax"
    LogicalPath="gAxis01obj.gAxis01i.gAxis01i.ax"
    Type="File"
    LastWriteTime="133420255611287283"
    Private="false" />
  <Object
    Path="C:\Users\admin\Documents\krbo-02-20\laba2_4kurs\Logical\Program\ANSIC.prg"
    LogicalPath="Program"
    Type="Program"
    LastWriteTime="133420260316271485" />
  <Object
    Path="C:\Users\admin\Documents\krbo-02-20\laba2_4kurs\Logical\Program\Cyclic.c"
    LogicalPath="Program.Cyclic.c"
    Type="File"
    LastWriteTime="133446954926982872"
    Private="false" />
  <Object
    Path="C:\Users\admin\Documents\krbo-02-20\laba2_4kurs\Logical\Program\Init.c"
    LogicalPath="Program.Init.c"
    Type="File"
    LastWriteTime="133446962136092618"
    Private="false" />
  <Object
    Path="C:\Users\admin\Documents\krbo-02-20\laba2_4kurs\Logical\Program\Exit.c"
    LogicalPath="Program.Exit.c"
    Type="File"
    LastWriteTime="133420260316211654"
    Private="false" />
  <Object
    Path="C:\Users\admin\Documents\krbo-02-20\laba2_4kurs\Logical\Program\Types.typ"
    LogicalPath="Program.Types.typ"
    Type="File"
    LastWriteTime="133420260316231318"
    Private="true" />
  <Object
    Path="C:\Users\admin\Documents\krbo-02-20\laba2_4kurs\Logical\Program\Variables.var"
    LogicalPath="Program.Variables.var"
    Type="File"
    LastWriteTime="133444467689290639"
    Private="true" />
  <Object
    Path="C:\Users\admin\Documents\krbo-02-20\laba2_4kurs\Physical\SampleText\Config.pkg"
    LogicalPath="SampleText"
    Type="Configuration.ParentUnknown"
    LastWriteTime="131194339020000000" />
  <Object
    Path="C:\Users\admin\Documents\krbo-02-20\laba2_4kurs\Physical\SampleText\Hardware.hw"
    LogicalPath="SampleText.Hardware.hw"
    Type="File"
    LastWriteTime="133446968039571901"
    Private="false" />
  <Object
    Path="C:\Users\admin\Documents\krbo-02-20\laba2_4kurs\Physical\SampleText\Hardware.hwl"
    LogicalPath="SampleText.Hardware.hwl"
    Type="File"
    LastWriteTime="133444499557400015"
    Private="false" />
  <Object
    Path="C:\Users\admin\Documents\krbo-02-20\laba2_4kurs\Physical\SampleText\4PP065_0571_P74\Cpu.pkg"
    LogicalPath="SampleText.4PP065_0571_P74"
    Type="Cpu"
    LastWriteTime="133434876529128502" />
  <Object
    Path="C:\Users\admin\Documents\krbo-02-20\laba2_4kurs\Physical\SampleText\4PP065_0571_P74\Cpu.sw"
    LogicalPath="SampleText.4PP065_0571_P74.Cpu.sw"
    Type="File"
    LastWriteTime="133446998299960594"
    Private="false" />
  <Object
    Path="C:\Users\admin\Documents\krbo-02-20\laba2_4kurs\Physical\SampleText\4PP065_0571_P74\Cpu.per"
    LogicalPath="SampleText.4PP065_0571_P74.Cpu.per"
    Type="File"
    LastWriteTime="131194339000000000"
    Private="false" />
  <Object
    Path="C:\Users\admin\Documents\krbo-02-20\laba2_4kurs\Physical\SampleText\4PP065_0571_P74\IoMap.iom"
    LogicalPath="SampleText.4PP065_0571_P74.IoMap.iom"
    Type="File"
    LastWriteTime="133444467912061355"
    Private="false" />
  <Object
    Path="C:\Users\admin\Documents\krbo-02-20\laba2_4kurs\Physical\SampleText\4PP065_0571_P74\PvMap.vvm"
    LogicalPath="SampleText.4PP065_0571_P74.PvMap.vvm"
    Type="File"
    LastWriteTime="131194339000000000"
    Private="false" />
  <Object
    Path="C:\Users\admin\Documents\krbo-02-20\laba2_4kurs\Physical\SampleText\4PP065_0571_P74\mapp\Package.pkg"
    LogicalPath="SampleText.4PP065_0571_P74.mapp"
    Type="Package"
    LastWriteTime="131194339000000000" />
  <Object
    Path="C:\Users\admin\Documents\krbo-02-20\laba2_4kurs\Physical\SampleText\4PP065_0571_P74\Connectivity\Package.pkg"
    LogicalPath="SampleText.4PP065_0571_P74.Connectivity"
    Type="Package"
    LastWriteTime="131194339000000000" />
  <Object
    Path="C:\Users\admin\Documents\krbo-02-20\laba2_4kurs\Physical\SampleText\4PP065_0571_P74\Connectivity\OpcUA\Package.pkg"
    LogicalPath="SampleText.4PP065_0571_P74.Connectivity.OpcUA"
    Type="Package"
    LastWriteTime="131194339000000000" />
  <Object
    Path="C:\Users\admin\Documents\krbo-02-20\laba2_4kurs\Physical\SampleText\4PP065_0571_P74\TextSystem\Package.pkg"
    LogicalPath="SampleText.4PP065_0571_P74.TextSystem"
    Type="Package"
    LastWriteTime="131194339000000000" />
  <Object
    Path="C:\Users\admin\Documents\krbo-02-20\laba2_4kurs\Physical\SampleText\4PP065_0571_P74\AccessAndSecurity\Package.pkg"
    LogicalPath="SampleText.4PP065_0571_P74.AccessAndSecurity"
    Type="Package"
    LastWriteTime="131194339000000000" />
  <Object
    Path="C:\Users\admin\Documents\krbo-02-20\laba2_4kurs\Physical\SampleText\4PP065_0571_P74\AccessAndSecurity\UserRoleSystem\Package.pkg"
    LogicalPath="SampleText.4PP065_0571_P74.AccessAndSecurity.UserRoleSystem"
    Type="Package"
    LastWriteTime="131194339000000000" />
  <Object
    Path="C:\Users\admin\Documents\krbo-02-20\laba2_4kurs\Physical\SampleText\4PP065_0571_P74\AccessAndSecurity\UserRoleSystem\Role.role"
    LogicalPath="SampleText.4PP065_0571_P74.AccessAndSecurity.UserRoleSystem.Role.role"
    Type="File"
    LastWriteTime="131194339000000000"
    Private="false" />
  <Object
    Path="C:\Users\admin\Documents\krbo-02-20\laba2_4kurs\Physical\SampleText\4PP065_0571_P74\AccessAndSecurity\UserRoleSystem\User.user"
    LogicalPath="SampleText.4PP065_0571_P74.AccessAndSecurity.UserRoleSystem.User.user"
    Type="File"
    LastWriteTime="131194339000000000"
    Private="false" />
  <Object
    Path="C:\Users\admin\Documents\krbo-02-20\laba2_4kurs\Physical\SampleText\4PP065_0571_P74\AccessAndSecurity\CertificateStore\Package.pkg"
    LogicalPath="SampleText.4PP065_0571_P74.AccessAndSecurity.CertificateStore"
    Type="Package"
    LastWriteTime="131194339000000000" />
  <Object
    Path="C:\Users\admin\Documents\krbo-02-20\laba2_4kurs\Physical\SampleText\4PP065_0571_P74\AccessAndSecurity\CertificateStore\OwnCertificates\Package.pkg"
    LogicalPath="SampleText.4PP065_0571_P74.AccessAndSecurity.CertificateStore.OwnCertificates"
    Type="Package"
    LastWriteTime="131194339000000000" />
  <Object
    Path="C:\Users\admin\Documents\krbo-02-20\laba2_4kurs\Physical\SampleText\4PP065_0571_P74\AccessAndSecurity\CertificateStore\OwnCertificates\Certificates\Package.pkg"
    LogicalPath="SampleText.4PP065_0571_P74.AccessAndSecurity.CertificateStore.OwnCertificates.Certificates"
    Type="Package"
    LastWriteTime="131194339000000000" />
  <Object
    Path="C:\Users\admin\Documents\krbo-02-20\laba2_4kurs\Physical\SampleText\4PP065_0571_P74\AccessAndSecurity\CertificateStore\OwnCertificates\PrivateKeys\Package.pkg"
    LogicalPath="SampleText.4PP065_0571_P74.AccessAndSecurity.CertificateStore.OwnCertificates.PrivateKeys"
    Type="Package"
    LastWriteTime="131194339000000000" />
  <Object
    Path="C:\Users\admin\Documents\krbo-02-20\laba2_4kurs\Physical\SampleText\4PP065_0571_P74\AccessAndSecurity\CertificateStore\ThirdPartyCertificates\Package.pkg"
    LogicalPath="SampleText.4PP065_0571_P74.AccessAndSecurity.CertificateStore.ThirdPartyCertificates"
    Type="Package"
    LastWriteTime="131194339000000000" />
  <Object
    Path="C:\Users\admin\Documents\krbo-02-20\laba2_4kurs\Physical\SampleText\4PP065_0571_P74\AccessAndSecurity\CertificateStore\ThirdPartyCertificates\SoftwareCertificates\Package.pkg"
    LogicalPath="SampleText.4PP065_0571_P74.AccessAndSecurity.CertificateStore.ThirdPartyCertificates.SoftwareCertificates"
    Type="Package"
    LastWriteTime="131194339000000000" />
  <Object
    Path="C:\Users\admin\Documents\krbo-02-20\laba2_4kurs\Physical\SampleText\4PP065_0571_P74\AccessAndSecurity\CertificateStore\CertificateRevocationLists\Package.pkg"
    LogicalPath="SampleText.4PP065_0571_P74.AccessAndSecurity.CertificateStore.CertificateRevocationLists"
    Type="Package"
    LastWriteTime="131194339000000000" />
  <Object
    Path="C:\Users\admin\Documents\krbo-02-20\laba2_4kurs\Physical\SampleText\4PP065_0571_P74\AccessAndSecurity\CertificateStore\CertificateSigningRequests\Package.pkg"
    LogicalPath="SampleText.4PP065_0571_P74.AccessAndSecurity.CertificateStore.CertificateSigningRequests"
    Type="Package"
    LastWriteTime="131194339000000000" />
  <Object
    Path="C:\Users\admin\Documents\krbo-02-20\laba2_4kurs\Physical\SampleText\4PP065_0571_P74\AccessAndSecurity\TransportLayerSecurity\Package.pkg"
    LogicalPath="SampleText.4PP065_0571_P74.AccessAndSecurity.TransportLayerSecurity"
    Type="Package"
    LastWriteTime="131194339000000000" />
  <Object
    Path="C:\Users\admin\Documents\krbo-02-20\laba2_4kurs\Physical\SampleText\4PP065_0571_P74\Motion\Package.pkg"
    LogicalPath="SampleText.4PP065_0571_P74.Motion"
    Type="Package"
    LastWriteTime="133420255455726568" />
  <Object
    Path="C:\Users\admin\Documents\krbo-02-20\laba2_4kurs\Physical\SampleText\4PP065_0571_P74\Motion\Acp10map.ncm"
    LogicalPath="SampleText.4PP065_0571_P74.Motion.Acp10map.ncm"
    Type="File"
    LastWriteTime="133420255560855085"
    Private="false" />
  <Object
    Path="C:\Users\admin\Documents\krbo-02-20\laba2_4kurs\Physical\SampleText\4PP065_0571_P74\Motion\Acp10cfg.ncc"
    LogicalPath="SampleText.4PP065_0571_P74.Motion.Acp10cfg.ncc"
    Type="File"
    LastWriteTime="133420255563688415"
    Private="false" />
  <Object
    Path="C:\Users\admin\Documents\krbo-02-20\laba2_4kurs\Physical\SampleText\4PP065_0571_P74\Motion\Acp10sys.br"
    LogicalPath="SampleText.4PP065_0571_P74.Motion.Acp10sys.br"
    Type="File"
    LastWriteTime="133420255456703951"
    Private="false" />
  <Object
    Path="C:\Users\admin\Documents\krbo-02-20\laba2_4kurs\Physical\SampleText\Hardware.jpg"
    LogicalPath="SampleText.Hardware.jpg"
    Type="File"
    LastWriteTime="133446998311676671"
    Private="false" />
</Objects>